Arguments: 
  C:\Program Files\nodejs\node.exe C:\Users\WALTON\.yarn\releases\yarn-1.22.19.cjs add lodash]

PATH: 
  C:\WINDOWS\system32;C:\WINDOWS;C:\WINDOWS\System32\Wbem;C:\WINDOWS\System32\WindowsPowerShell\v1.0\;C:\WINDOWS\System32\OpenSSH\;C:\Program Files\Git\cmd;C:\Program Files (x86)\dotnet\;C:\Program Files\nodejs\;C:\Users\WALTON\AppData\Local\Microsoft\WindowsApps;C:\Users\WALTON\AppData\Local\Programs\Microsoft VS Code\bin;C:\Users\WALTON\AppData\Local\GitHubDesktop\bin;C:\Users\WALTON\AppData\Roaming\npm

Yarn version: 
  1.22.19

Node version: 
  20.3.1

Platform: 
  win32 x64

Trace: 
  Error: https://registry.yarnpkg.com/lodash]: Not found
      at params.callback [as _callback] (C:\Users\WALTON\.yarn\releases\yarn-1.22.19.cjs:77675:18)
      at self.callback (C:\Users\WALTON\.yarn\releases\yarn-1.22.19.cjs:135297:22)
      at Request.emit (node:events:511:28)
      at Request.<anonymous> (C:\Users\WALTON\.yarn\releases\yarn-1.22.19.cjs:136269:10)
      at Request.emit (node:events:511:28)
      at IncomingMessage.<anonymous> (C:\Users\WALTON\.yarn\releases\yarn-1.22.19.cjs:136191:12)
      at Object.onceWrapper (node:events:625:28)
      at IncomingMessage.emit (node:events:523:35)
      at endReadableNT (node:internal/streams/readable:1367:12)
      at process.processTicksAndRejections (node:internal/process/task_queues:82:21)

npm manifest: 
  {
    "name": "rownodejsProject",
    "version": "1.0.0",
    "main": "index.js",
    "license": "MIT"
  }

yarn manifest: 
  No manifest

Lockfile: 
  No lockfile
